[0114/170149.117:ERROR:process_reader_win.cc(151)] SuspendThread: Access is denied. (0x5)
[0114/170149.200:ERROR:process_reader_win.cc(123)] NtOpenThread: {Access Denied} A process has requested access to an object, but has not been granted those access rights. (0xc0000022)
[0114/170149.229:ERROR:exception_snapshot_win.cc(99)] thread ID 26676 not found in process
[0114/170149.247:ERROR:process_reader_win.cc(151)] SuspendThread: Access is denied. (0x5)
[0114/170149.247:ERROR:process_reader_win.cc(151)] SuspendThread: Access is denied. (0x5)
[0114/170149.247:ERROR:process_reader_win.cc(151)] SuspendThread: Access is denied. (0x5)
[0114/170149.247:ERROR:process_reader_win.cc(151)] SuspendThread: Access is denied. (0x5)
[0114/170149.247:ERROR:process_reader_win.cc(123)] NtOpenThread: {Access Denied} A process has requested access to an object, but has not been granted those access rights. (0xc0000022)
[0114/170149.249:ERROR:exception_snapshot_win.cc(99)] thread ID 19124 not found in process
[0114/170419.966:ERROR:process_reader_win.cc(123)] NtOpenThread: An invalid Client ID was specified. (0xc000000b)
[0114/170419.970:ERROR:process_reader_win.cc(151)] SuspendThread: Access is denied. (0x5)
[0114/170419.971:ERROR:process_reader_win.cc(151)] SuspendThread: Access is denied. (0x5)
[0114/170419.971:ERROR:process_reader_win.cc(151)] SuspendThread: Access is denied. (0x5)
[0114/170419.971:ERROR:process_reader_win.cc(151)] SuspendThread: Access is denied. (0x5)
[0114/170419.971:ERROR:process_reader_win.cc(151)] SuspendThread: Access is denied. (0x5)
[0114/170419.971:ERROR:process_reader_win.cc(151)] SuspendThread: Access is denied. (0x5)
[0114/170419.971:ERROR:process_reader_win.cc(151)] SuspendThread: Access is denied. (0x5)
[0114/170419.971:ERROR:process_reader_win.cc(151)] SuspendThread: Access is denied. (0x5)
[0114/170419.971:ERROR:process_reader_win.cc(151)] SuspendThread: Access is denied. (0x5)
[0114/170419.971:ERROR:process_reader_win.cc(151)] SuspendThread: Access is denied. (0x5)
[0114/170419.973:ERROR:process_reader_win.cc(151)] SuspendThread: Access is denied. (0x5)
[0114/170419.973:ERROR:process_reader_win.cc(151)] SuspendThread: Access is denied. (0x5)
[0114/170419.973:ERROR:process_reader_win.cc(151)] SuspendThread: Access is denied. (0x5)
[0114/170419.974:ERROR:process_reader_win.cc(151)] SuspendThread: Access is denied. (0x5)
[0114/170419.974:ERROR:process_reader_win.cc(151)] SuspendThread: Access is denied. (0x5)
[0114/170419.974:ERROR:process_reader_win.cc(151)] SuspendThread: Access is denied. (0x5)
[0114/170419.974:ERROR:process_reader_win.cc(151)] SuspendThread: Access is denied. (0x5)
[0114/170419.974:ERROR:process_reader_win.cc(151)] SuspendThread: Access is denied. (0x5)
[0114/170419.974:ERROR:process_reader_win.cc(123)] NtOpenThread: {Access Denied} A process has requested access to an object, but has not been granted those access rights. (0xc0000022)
[0114/170419.974:ERROR:exception_snapshot_win.cc(99)] thread ID 28928 not found in process
[0114/170420.118:ERROR:process_reader_win.cc(151)] SuspendThread: Access is denied. (0x5)
[0114/170420.119:ERROR:process_reader_win.cc(151)] SuspendThread: Access is denied. (0x5)
[0114/170420.119:ERROR:process_reader_win.cc(151)] SuspendThread: Access is denied. (0x5)
[0114/170420.119:ERROR:process_reader_win.cc(151)] SuspendThread: Access is denied. (0x5)
[0114/170420.119:ERROR:process_reader_win.cc(123)] NtOpenThread: {Access Denied} A process has requested access to an object, but has not been granted those access rights. (0xc0000022)
[0114/170420.119:ERROR:exception_snapshot_win.cc(99)] thread ID 29400 not found in process
[0114/171040.530:ERROR:process_reader_win.cc(151)] SuspendThread: Access is denied. (0x5)
[0114/171040.553:ERROR:process_reader_win.cc(151)] SuspendThread: Access is denied. (0x5)
[0114/171040.553:ERROR:process_reader_win.cc(151)] SuspendThread: Access is denied. (0x5)
[0114/171040.553:ERROR:process_reader_win.cc(151)] SuspendThread: Access is denied. (0x5)
[0114/171040.554:ERROR:process_reader_win.cc(151)] SuspendThread: Access is denied. (0x5)
[0114/171040.554:ERROR:process_reader_win.cc(151)] SuspendThread: Access is denied. (0x5)
[0114/171040.554:ERROR:process_reader_win.cc(151)] SuspendThread: Access is denied. (0x5)
[0114/171040.554:ERROR:process_reader_win.cc(151)] SuspendThread: Access is denied. (0x5)
[0114/171040.554:ERROR:process_reader_win.cc(151)] SuspendThread: Access is denied. (0x5)
[0114/171040.554:ERROR:process_reader_win.cc(151)] SuspendThread: Access is denied. (0x5)
[0114/171040.554:ERROR:process_reader_win.cc(151)] SuspendThread: Access is denied. (0x5)
[0114/171040.554:ERROR:process_reader_win.cc(151)] SuspendThread: Access is denied. (0x5)
[0114/171040.554:ERROR:process_reader_win.cc(151)] SuspendThread: Access is denied. (0x5)
[0114/171040.554:ERROR:process_reader_win.cc(151)] SuspendThread: Access is denied. (0x5)
[0114/171040.554:ERROR:process_reader_win.cc(123)] NtOpenThread: {Access Denied} A process has requested access to an object, but has not been granted those access rights. (0xc0000022)
[0114/171040.559:ERROR:exception_snapshot_win.cc(99)] thread ID 29144 not found in process
[0114/171040.625:ERROR:process_reader_win.cc(151)] SuspendThread: Access is denied. (0x5)
[0114/171040.625:ERROR:process_reader_win.cc(151)] SuspendThread: Access is denied. (0x5)
[0114/171040.626:ERROR:process_reader_win.cc(151)] SuspendThread: Access is denied. (0x5)
[0114/171040.626:ERROR:process_reader_win.cc(151)] SuspendThread: Access is denied. (0x5)
[0114/171040.626:ERROR:process_reader_win.cc(123)] NtOpenThread: {Access Denied} A process has requested access to an object, but has not been granted those access rights. (0xc0000022)
[0114/171040.626:ERROR:exception_snapshot_win.cc(99)] thread ID 27988 not found in process
[0114/171307.514:ERROR:process_reader_win.cc(151)] SuspendThread: Access is denied. (0x5)
[0114/171307.534:ERROR:process_reader_win.cc(151)] SuspendThread: Access is denied. (0x5)
[0114/171307.534:ERROR:process_reader_win.cc(151)] SuspendThread: Access is denied. (0x5)
[0114/171307.534:ERROR:process_reader_win.cc(151)] SuspendThread: Access is denied. (0x5)
[0114/171307.534:ERROR:process_reader_win.cc(151)] SuspendThread: Access is denied. (0x5)
[0114/171307.534:ERROR:process_reader_win.cc(151)] SuspendThread: Access is denied. (0x5)
[0114/171307.534:ERROR:process_reader_win.cc(151)] SuspendThread: Access is denied. (0x5)
[0114/171307.534:ERROR:process_reader_win.cc(151)] SuspendThread: Access is denied. (0x5)
[0114/171307.534:ERROR:process_reader_win.cc(151)] SuspendThread: Access is denied. (0x5)
[0114/171307.534:ERROR:process_reader_win.cc(123)] NtOpenThread: {Access Denied} A process has requested access to an object, but has not been granted those access rights. (0xc0000022)
[0114/171307.534:ERROR:exception_snapshot_win.cc(99)] thread ID 29000 not found in process
[0114/171307.534:ERROR:process_reader_win.cc(151)] SuspendThread: Access is denied. (0x5)
[0114/171307.535:ERROR:process_reader_win.cc(151)] SuspendThread: Access is denied. (0x5)
[0114/171307.535:ERROR:process_reader_win.cc(151)] SuspendThread: Access is denied. (0x5)
[0114/171307.535:ERROR:process_reader_win.cc(123)] NtOpenThread: {Access Denied} A process has requested access to an object, but has not been granted those access rights. (0xc0000022)
[0114/171307.535:ERROR:exception_snapshot_win.cc(99)] thread ID 17512 not found in process
[0114/171307.674:ERROR:process_reader_win.cc(151)] SuspendThread: Access is denied. (0x5)
[0114/171307.675:ERROR:process_reader_win.cc(151)] SuspendThread: Access is denied. (0x5)
[0114/171307.675:ERROR:process_reader_win.cc(151)] SuspendThread: Access is denied. (0x5)
[0114/171307.675:ERROR:process_reader_win.cc(151)] SuspendThread: Access is denied. (0x5)
[0114/171307.675:ERROR:process_reader_win.cc(123)] NtOpenThread: {Access Denied} A process has requested access to an object, but has not been granted those access rights. (0xc0000022)
[0114/171307.675:ERROR:exception_snapshot_win.cc(99)] thread ID 27828 not found in process
[0114/182135.972:ERROR:process_reader_win.cc(151)] SuspendThread: Access is denied. (0x5)
[0114/182135.973:ERROR:process_reader_win.cc(123)] NtOpenThread: {Access Denied} A process has requested access to an object, but has not been granted those access rights. (0xc0000022)
[0114/182135.973:ERROR:exception_snapshot_win.cc(99)] thread ID 18964 not found in process
[0114/182135.982:ERROR:process_reader_win.cc(123)] NtOpenThread: {Access Denied} A process has requested access to an object, but has not been granted those access rights. (0xc0000022)
[0114/182135.983:ERROR:exception_snapshot_win.cc(99)] thread ID 26668 not found in process
[0114/182136.031:ERROR:process_reader_win.cc(123)] NtOpenThread: {Access Denied} A process has requested access to an object, but has not been granted those access rights. (0xc0000022)
[0114/182136.031:ERROR:exception_snapshot_win.cc(99)] thread ID 22260 not found in process
[0114/183615.860:ERROR:process_reader_win.cc(151)] SuspendThread: Access is denied. (0x5)
[0114/183615.863:ERROR:process_reader_win.cc(151)] SuspendThread: Access is denied. (0x5)
[0114/183615.863:ERROR:process_reader_win.cc(123)] NtOpenThread: {Access Denied} A process has requested access to an object, but has not been granted those access rights. (0xc0000022)
[0114/183615.863:ERROR:exception_snapshot_win.cc(99)] thread ID 1256 not found in process
[0115/173520.484:ERROR:directory_reader_win.cc(43)] FindFirstFile: The system cannot find the path specified. (0x3)
[0120/202924.318:ERROR:process_reader_win.cc(151)] SuspendThread: Access is denied. (0x5)
[0120/202924.411:ERROR:process_reader_win.cc(151)] SuspendThread: Access is denied. (0x5)
[0120/202924.413:ERROR:process_reader_win.cc(151)] SuspendThread: Access is denied. (0x5)
[0120/202924.413:ERROR:process_reader_win.cc(151)] SuspendThread: Access is denied. (0x5)
[0120/202924.413:ERROR:process_reader_win.cc(151)] SuspendThread: Access is denied. (0x5)
[0120/202924.413:ERROR:process_reader_win.cc(151)] SuspendThread: Access is denied. (0x5)
[0120/202924.413:ERROR:process_reader_win.cc(151)] SuspendThread: Access is denied. (0x5)
[0120/202924.413:ERROR:process_reader_win.cc(151)] SuspendThread: Access is denied. (0x5)
[0120/202924.413:ERROR:process_reader_win.cc(123)] NtOpenThread: {Access Denied} A process has requested access to an object, but has not been granted those access rights. (0xc0000022)
[0120/202924.413:ERROR:process_reader_win.cc(123)] NtOpenThread: {Access Denied} A process has requested access to an object, but has not been granted those access rights. (0xc0000022)
[0120/202924.414:ERROR:exception_snapshot_win.cc(99)] thread ID 23872 not found in process
[0120/202924.414:ERROR:exception_snapshot_win.cc(99)] thread ID 14584 not found in process
[0130/174749.178:ERROR:directory_reader_win.cc(43)] FindFirstFile: The system cannot find the path specified. (0x3)
[0130/181011.547:ERROR:process_reader_win.cc(151)] SuspendThread: Access is denied. (0x5)
[0130/181011.567:ERROR:process_reader_win.cc(151)] SuspendThread: Access is denied. (0x5)
[0130/181011.567:ERROR:process_reader_win.cc(123)] NtOpenThread: {Access Denied} A process has requested access to an object, but has not been granted those access rights. (0xc0000022)
[0130/181011.619:ERROR:exception_snapshot_win.cc(99)] thread ID 34036 not found in process
[0130/181011.623:ERROR:process_reader_win.cc(151)] SuspendThread: Access is denied. (0x5)
[0130/181011.623:ERROR:process_reader_win.cc(151)] SuspendThread: Access is denied. (0x5)
[0130/181011.623:ERROR:process_reader_win.cc(151)] SuspendThread: Access is denied. (0x5)
[0130/181011.623:ERROR:process_reader_win.cc(151)] SuspendThread: Access is denied. (0x5)
[0130/181011.623:ERROR:process_reader_win.cc(151)] SuspendThread: Access is denied. (0x5)
[0130/181011.623:ERROR:process_reader_win.cc(123)] NtOpenThread: {Access Denied} A process has requested access to an object, but has not been granted those access rights. (0xc0000022)
[0130/181011.623:ERROR:exception_snapshot_win.cc(99)] thread ID 22416 not found in process
[0130/182052.605:ERROR:directory_reader_win.cc(43)] FindFirstFile: The system cannot find the path specified. (0x3)
[0130/182126.864:ERROR:process_reader_win.cc(151)] SuspendThread: Access is denied. (0x5)
[0130/182126.864:ERROR:process_reader_win.cc(123)] NtOpenThread: {Access Denied} A process has requested access to an object, but has not been granted those access rights. (0xc0000022)
[0130/182126.864:ERROR:exception_snapshot_win.cc(99)] thread ID 13168 not found in process
[0130/182126.928:ERROR:process_reader_win.cc(151)] SuspendThread: Access is denied. (0x5)
[0130/182126.928:ERROR:process_reader_win.cc(151)] SuspendThread: Access is denied. (0x5)
[0130/182126.929:ERROR:process_reader_win.cc(151)] SuspendThread: Access is denied. (0x5)
[0130/182126.929:ERROR:process_reader_win.cc(123)] NtOpenThread: {Access Denied} A process has requested access to an object, but has not been granted those access rights. (0xc0000022)
[0130/182126.929:ERROR:exception_snapshot_win.cc(99)] thread ID 36228 not found in process
[0130/184754.629:ERROR:directory_reader_win.cc(43)] FindFirstFile: The system cannot find the path specified. (0x3)
[0130/185054.874:ERROR:process_reader_win.cc(151)] SuspendThread: Access is denied. (0x5)
[0130/185054.875:ERROR:process_reader_win.cc(151)] SuspendThread: Access is denied. (0x5)
[0130/185054.875:ERROR:process_reader_win.cc(123)] NtOpenThread: {Access Denied} A process has requested access to an object, but has not been granted those access rights. (0xc0000022)
[0130/185054.875:ERROR:exception_snapshot_win.cc(99)] thread ID 36456 not found in process
[0130/185054.974:ERROR:process_reader_win.cc(151)] SuspendThread: Access is denied. (0x5)
[0130/185054.974:ERROR:process_reader_win.cc(151)] SuspendThread: Access is denied. (0x5)
[0130/185054.974:ERROR:process_reader_win.cc(151)] SuspendThread: Access is denied. (0x5)
[0130/185054.974:ERROR:process_reader_win.cc(151)] SuspendThread: Access is denied. (0x5)
[0130/185054.974:ERROR:process_reader_win.cc(151)] SuspendThread: Access is denied. (0x5)
[0130/185054.974:ERROR:process_reader_win.cc(151)] SuspendThread: Access is denied. (0x5)
[0130/185054.974:ERROR:process_reader_win.cc(123)] NtOpenThread: {Access Denied} A process has requested access to an object, but has not been granted those access rights. (0xc0000022)
[0130/185054.974:ERROR:exception_snapshot_win.cc(99)] thread ID 24336 not found in process
[0130/185723.547:ERROR:process_reader_win.cc(123)] NtOpenThread: {Access Denied} A process has requested access to an object, but has not been granted those access rights. (0xc0000022)
[0130/185723.547:ERROR:exception_snapshot_win.cc(99)] thread ID 13396 not found in process
[0130/185723.781:ERROR:process_reader_win.cc(151)] SuspendThread: Access is denied. (0x5)
[0130/185723.783:ERROR:process_reader_win.cc(151)] SuspendThread: Access is denied. (0x5)
[0130/185723.783:ERROR:process_reader_win.cc(151)] SuspendThread: Access is denied. (0x5)
[0130/185723.784:ERROR:process_reader_win.cc(151)] SuspendThread: Access is denied. (0x5)
[0130/185723.784:ERROR:process_reader_win.cc(151)] SuspendThread: Access is denied. (0x5)
[0130/185723.784:ERROR:process_reader_win.cc(123)] NtOpenThread: {Access Denied} A process has requested access to an object, but has not been granted those access rights. (0xc0000022)
[0130/185723.784:ERROR:exception_snapshot_win.cc(99)] thread ID 33272 not found in process
[0130/192848.877:ERROR:directory_reader_win.cc(43)] FindFirstFile: The system cannot find the path specified. (0x3)
